3.623653
3.310174
2.042345
7.47971
6.502116
6.101319
4.67338
6.908373
7.929174
4.578884
7.530983
6.628693
6.460395
13.95023
11.906037
7.899217
8.034837
8.996103
9.663009
6.576107
6.59352
9.809118
7.276467
7.569853
8.57842
14.769481
9.18241
6.471818
7.198542
7.145375
7.541819
10.456134
11.64074
7.758939
10.102825
9.575346
6.777557
8.932477
8.062564
7.107307
8.25624
12.225682
8.677224
10.888993
12.408788
10.943847
10.895625
10.998872
8.194556
7.348183
9.416097
12.120792
9.980781
8.348821
8.78275
9.592719
8.520359
10.10537
9.591097
8.909674
11.165917
12.740993
9.898334
9.970356
7.784192
7.791992
9.432018
9.975101
14.57291
9.141025
9.048523
17.506949
8.826609
5.802825
9.178427
8.937467
6.922254
10.669488
10.052193
9.389295
11.201285
14.034641
13.145612
10.203347
11.794518
11.454439
13.491854
11.35041
8.847104
17.76349
13.443271
9.782416
8.540262
14.723739
9.301971
15.47982
12.931883
27.486704
16.289818
21.944048
22.496403
22.427221
22.831314
30.714285
26.320023
28.678182
33.693209
68.602173
65.674055
68.816418
77.76016
74.422979
75.134353
99.381166
83.355196
100.354398
87.030549
101.194267
73.062084
12.162397
7.178609
6.17992
18.998767
10.180177
9.078205
10.089905
8.916888
7.62868
10.019254
19.861025
13.59472
11.968604
9.922752
13.208873
10.064141
21.244815
10.501421
11.137883
14.4605
11.839464
7.604654
19.835817
13.883171
12.044496
11.353225
11.663679
11.363184
26.842902
10.849517
15.29692
10.470733
11.580339
11.652236
21.753077
11.736363
8.132784
11.960535
12.190547
13.924872
22.386628
13.236475
12.282942
12.528111
9.664616
18.403264
11.223827
9.512321
12.936492
11.554936
23.667297
11.514473
10.841798
12.341855
12.403704
10.055223
19.04752
11.287825
13.15211
13.102594
9.666719
26.524569
16.440352
15.682622
11.079822
26.595424
16.682231
15.428077
13.179697
12.230497
22.396567
16.500048
12.633755
19.582786
32.909973
19.53946
25.805514
16.562061
36.308215
21.229083
20.165482
17.94595
30.318042
20.217742
16.313132
15.157563
35.81955
20.09633
15.446351
15.480924
26.601608
14.368368
13.494771
15.669196
33.443254
14.782983
14.718449
17.440721
29.717736
15.839381
11.87985
14.287837
8.682498
15.160574
31.125624
12.007458
10.92656
14.264766
16.499169
34.351683
19.202956
21.469606
15.175042
14.671424
34.281368
16.280926
15.453604
16.120898
29.632071
18.501934
15.058459
14.164224
33.701658
19.893373
16.504614
12.376201
13.579391
28.934026
13.50567
12.059394
14.389339
12.677311
29.794105
21.498892
41.461975
73.327724
57.044206
88.275697
60.213067
91.373637
39.544458
55.253605
29.201586
24.119443
65.165067
63.732087
92.356786
65.860887
70.026531
39.700399
57.929278
28.208959
21.662624
44.8432
29.132754
33.535775
53.535894
38.75697
43.1647
22.97243
34.522329
43.480446
42.416957
24.099513
39.997927
17.926216
28.295144
41.48558
39.293922
48.693486
29.154601
17.772114
41.038219
33.240281
43.547141
23.135881
19.35786
37.71127
17.629699
24.446927
39.806005
25.629824
19.581043
41.021887
17.034607
24.429043
40.96702
33.197026
15.377563
46.931989
22.375837
29.959072
41.498259
22.968222
29.203621
34.610828
25.934512
25.375508
46.795987
24.004178
12.454274
41.924591
21.349903
22.129651
50.299454
26.074608
57.857402
31.409052
60.254659
28.186246
30.39022
40.603275
27.589664
15.729993
53.377694
20.369357
33.196483
62.528002
44.746564
57.194565
35.451035
43.887588
26.264061
35.955623
44.909256
65.794677
38.053679
82.788547
62.395938
79.913417
46.297069
73.973704
51.792236
67.355177
42.815842
58.711104
50.64693
33.802545
58.756491
37.361191
68.633235
60.198208
88.569395
46.269187
51.485207
44.526728
64.46855
25.391012
21.984534
61.075118
39.276123
27.492054
71.750351
38.134393
36.682119
68.870416
39.033624
30.942411
40.822118
20.058979
28.977008
44.161789
37.664625
55.585564
32.910563
60.374183
37.602498
119.672323
75.231928
58.335269
27.111251
26.586558
37.892371
29.284387
27.404642
121.46751
34.829136
41.295328
31.631869
23.150504
49.660209
35.351535
23.340753
41.878207
25.776228
29.982746
45.905837
148.331794
107.482582
43.661794
199.48982
239.243164
24.774544
25.784445
171.485243
16.236701
18.248417
33.06423
24.728287
162.421019
18.348484
24.640417
43.229175
26.821402
172.300197
32.474995
45.049615
175.834884
19.573255
14.143915
39.990799
25.732354
15.926396
183.757913
30.649781
19.26486
46.747381
43.993515
75.036986
38.190347
61.084466
44.766822
68.034129
85.339782
26.753127
52.046657
43.50201
58.464694
34.224295
178.750844
25.849303
57.466003
185.983876
13.758513
18.210069
37.977776
15.246619
14.335567
38.838902
23.104722
45.294884
28.628617
17.69025
44.740665
21.695863
18.764734
38.123214
19.240794
11.354417
13.255281
47.616793
27.875693
53.662432
23.547548
24.221466
47.263498
30.771829
18.371162
39.463786
30.158878
37.547232
29.641588
46.513098
27.768457
47.405198
41.549599
69.708598
39.782456
52.224211
21.535131
49.879118
35.33871
44.80075
36.219063
57.289756
27.381046
20.554415
284.590196
689.948109
540.599015
860.810917
327.444084
789.78438
975.025
1208.069066
582.351887
913.432628
1248.638291
1398.564653
868.210609
490.312112
474.410953
1058.558408
802.296254
793.451746
843.930631
935.430719
539.32262
1378.642409
1460.829525
47.131887
205.950754
85.515552
39.01312
42.057285
21.050579
10.795023
34.694123
12.193922
102.373031
513.443168
196.325488
173.463075
205.507351
167.473439
90.342165
33.319289
72.909587
129.550614
79.083641
234.74134
382.869625
251.152696
181.724459
149.878406
104.209316
330.112745
31.484607
44.185849
29.863428
123.632432
221.848859
494.413513
42.296172
123.459142
133.664333
52.884383
58.156172
40.560964
47.233796
93.679295
28.545416
46.585103
111.912393
422.050909
140.788449
137.109885
142.773243
164.64701
21.234626
25.930384
66.457011
30.937436
54.102242
40.851558
172.18344
120.288105
229.446984
207.047061
137.325127
50.914217
123.090272
41.296741
65.901359
30.678449
51.525447
96.939447
50.682073
51.633117
50.071737
156.749993
20.206321
21.726507
59.000812
44.574011
83.16
33.980451
42.656933
86.944399
15.476457
22.332626
48.851303
23.031111
51.089931
42.155183
85.962953
37.770878
111.481078
241.781246
38.433621
58.776283
113.608254
29.387337
53.559419
30.665294
62.157454
39.181111
93.341414
114.157495
78.154535
40.423481
63.262855
22.225345
45.309488
34.258735
45.20463
23.651338
168.508673
31.093008
56.212617
33.793746
63.254619
81.761343
94.342933
38.244335
56.310365
31.85237
44.623707
45.888367
75.915716
87.42366
78.387514
39.236107
69.966256
29.82518
99.241613
29.6397
54.338624
21.38345
45.758481
23.784501
58.522733
48.837687
91.56896
21.394212
25.359687
87.116363
89.01714
21.687374
20.558283
47.367351
31.760415
49.69255
155.844198
128.602536
115.137348
37.235246
60.980051
33.397143
65.653791
35.543802
38.787533
25.247287
54.328605
38.130966
131.062034
85.860612
136.703133
39.992147
88.275073
194.541001
283.113112
38.65742
49.29171
27.378673
54.523095
107.932105
171.702559
52.052963
89.871317
117.191876
48.586497
338.109398
187.140613
35.904595
76.465277
35.173128
81.837276
82.387833
33.118545
66.318677
72.284603
81.682129
91.100716
39.429175
75.564459
33.557955
71.743087
31.349344
126.170401
76.164911
131.80389
42.32663
90.786404
55.239927
80.483192
99.186869
37.033851
57.777829
49.827199
64.896048
105.998306
37.798819
79.320564
41.791601
71.262409
51.638191
79.307594
220.894298
150.288865
28.331028
61.348035
51.924649
99.224997
39.223803
82.67402
54.680462
80.326578
55.14497
86.992391
39.221979
109.912334
46.911235
98.642544
54.825079
67.697959
112.389746
81.760083
59.378303
79.908148
94.929329
118.335868
104.558728
38.442153
93.224391
35.66322
108.797913
79.124489
110.677855
186.655738
44.013294
122.322529
96.777688
192.975844
192.274643
298.446371
339.75304
85.003729
41.589215
133.220634
29.494242
64.591034
48.634549
120.657552
186.518541
131.790457
154.477267
28.399584
380.456357
179.820554
79.33687
30.623871
125.333155
30.600281
284.032901
261.373566
39.025528
48.721781
314.657273
146.120386
29.450287
55.222379
38.455749
136.734843
72.206213
36.325376
146.042367
45.97786
165.107145
128.019816
21.972502
64.390632
151.742594
36.722015
94.057944
37.657012
87.505057
104.8077
106.725281
144.446943
38.503571
60.994534
27.27298
67.050231
47.234697
70.515781
30.142225
71.460151
36.989361
58.61065
22.750445
47.585463
23.343518
88.083347
41.63765
62.575884
26.570836
118.383366
198.955175
101.866792
78.043211
40.585962
88.678655
44.930939
71.950724
207.960276
227.157121
106.915395
96.185757
24.90874
60.713782
41.674587
52.214643
43.732191
69.211778
19.551368
50.302558
36.550276
54.936446
24.346525
86.801546
97.701254
18.78082
17.706712
37.259587
45.077253
50.871526
35.739251
91.622893
25.057208
67.973536
32.255656
51.48037
26.997994
50.788371
26.032672
69.660468
40.937609
58.555932
224.837529
195.620031
217.995771
26.882519
17.937423
50.943924
37.959581
43.493415
103.916906
29.427529
48.030685
96.889757
102.613991
47.878744
133.194745
43.470155
76.238159
82.297692
98.149501
96.695461
94.930973
99.171956
47.573645
85.258191
125.921987
185.111434
32.15278
56.408676
28.970159
56.653739
28.189191
51.246512
45.799258
111.475603
134.40041
130.413202
100.027492
43.842227
52.948696
25.330257
18.849045
50.678021
41.40357
73.256621
31.395211
55.326382
101.559825
83.382696
34.020049
49.760997
76.466257
45.039691
52.894368
24.467712
44.512543
37.462614
57.02708
26.215133
45.428329
38.729367
65.577811
29.270044
46.960899
22.542115
47.314279
31.485373
56.080158
72.295083
27.893617
44.230093
22.580399
113.854841
30.683645
52.589916
27.810883
62.825675
33.823272
117.295474
114.934701
114.603377
42.677771
123.3557
40.794961
57.151061
30.134906
44.523113
107.089357
40.973668
111.706259
131.016716
140.210373
126.52055
118.0204
130.423397
164.731622
196.329796
134.760959
135.92531
102.358613
184.410694
131.598553
135.377117
110.052888
129.235792
152.62635
131.60227
80.102294
33.380556
69.988799
195.678982
42.886064
85.666582
20.197603
55.370887
26.335623
42.897571
28.637238
43.922124
74.369818
30.94652
40.706953
33.078554
98.744278
92.706035
28.86032
48.665443
36.960331
49.786005
21.706934
54.255359
25.678808
65.664662
87.468146
102.929669
111.004456
23.746859
50.645789
28.863786
63.183954
29.00968
53.996435
41.179641
64.741266
33.081651
67.496108
45.150108
111.556562
33.006296
62.671019
18.702735
23.597433
49.679607
31.071878
67.003967
29.901189
64.287299
28.177164
42.255363
113.941337
20.087724
20.907004
47.846447
28.655819
58.024665
24.994785
43.651883
24.710346
61.739658
19.369994
20.238338
59.000727
29.750923
44.188785
43.030585
83.115976
32.360036
65.297119
24.557805
48.273278
33.124938
54.175652
30.13178
122.602706
18.917135
15.103544
47.364616
29.752847
58.886288
29.882199
74.765095
28.719695
90.02098
82.478787
82.813727
25.194086
44.603443
26.369728
46.115809
30.648037
45.86029
28.975195
89.754757
94.630677
78.999637
41.916471
93.982986
46.454886
65.495188
28.187366
62.300317
37.619521
86.460334
132.968067
98.894981
127.73616
77.928638
80.01666
39.616018
73.079122
36.184797
165.733843
40.515741
96.267775
74.275615
81.355825
44.222765
97.159323
74.571795
75.668061
40.429929
77.920688
35.679187
51.057681
33.758168
91.612123
41.321292
99.379904
81.258509
103.184181
38.527516
69.48227
84.621108
29.731636
55.495195
39.062299
81.199286
49.141518
68.978583
82.698822
78.527057
83.474175
46.82809
102.895685
81.907474
34.305029
58.546809
122.188899
36.717842
87.945298
43.598246
89.182182
85.787548
76.18527
90.983176
37.429687
148.221809
99.852667
122.229136
156.59972
62.328709
93.547388
26.555248
119.14775
88.079779
50.679484
77.452934
93.621699
86.015048
52.176511
63.115193
26.301097
72.094229
42.322461
90.152332
93.347551
55.889374
111.430922
99.457026
89.605697
94.544825
119.822064
84.542538
38.709915
89.436278
87.690867
115.948103
146.516699
59.240225
111.085076
90.749544
100.204835
116.139254
54.207918
64.004993
105.596337
36.649481
94.666332
145.586465
43.54844
74.405127
44.984922
82.326987
43.976188
157.596907
29.387638
83.168606
30.126621
61.012413
37.87075
76.598866
70.576517
77.242251
83.627253
120.84258
81.538524
83.875928
72.760733
79.259578
34.296813
103.062427
47.140945
90.480104
79.113513
50.877602
98.820895
77.383571
38.339672
68.348182
43.254929
135.508168
41.203869
56.560346
74.366713
74.184786
73.100944
96.799349
96.011714
33.66757
65.949136
33.596309
57.129089
30.002218
56.651996
35.483006
71.888671
44.656013
116.020923
95.992402
70.046684
73.375298
77.997194
46.107598
61.666955
26.009971
90.585951
88.165058
29.237716
73.309582
31.142658
113.436737
76.301522
43.354826
101.764537
38.148241
67.204855
40.68397
129.900918
38.821298
105.748762
43.299691
64.555055
33.203266
65.689355
78.498964
87.210853
34.908002
59.198263
33.192369
76.150293
46.515888
89.603883
95.309215
78.050912
44.060124
73.147402
73.363465
38.959761
99.159682
35.953361
156.104473
129.118717
120.136365
37.218599
65.09326
72.302247
90.827558
74.043811
130.379934
74.446496
41.024906
76.591797
41.742754
77.863894
29.068367
78.655213
122.871319
44.886013
120.824556
186.875907
121.834627
37.374377
68.766261
36.938483
56.053999
37.402856
62.116163
82.59074
35.432288
75.108411
135.603886
96.440634
78.655493
44.777675
65.143224
113.980852
159.80622
41.168831
79.834725
45.588427
107.110612
75.482406
88.503631
73.458015
45.589027
92.922693
47.866105
87.198074
34.907416
60.902502
79.687705
123.426485
43.423616
104.184433
85.375535
218.778753
77.244931
75.647076
159.983509
33.811501
64.341021
41.051878
76.682691
41.806029
94.612218
128.451262
96.579114
92.054789
146.377873
97.236776
79.639713
30.877473
70.366135
21.50948
81.982865
112.230611
126.036915
49.260336
97.108044
109.649446
52.047658
74.362682
39.66826
62.042484
19.947496
53.963331
69.485296
122.97106
116.386396
113.150479
70.882918
41.621611
114.433031
74.537514
78.625294
29.916319
45.592613
43.249403
106.130008
110.203155
50.33231
107.800537
99.426522
120.943999
104.748848
91.925332
76.834521
34.062099
66.091478
43.826322
91.118689
46.343148
98.366255
114.51016
163.677736
162.620236
106.448607
86.538173
44.888247
73.343913
79.941095
44.295875
99.13223
116.263481
142.637572
122.845665
105.799882
131.097596
135.418001
44.079221
68.630617
42.116868
84.426173
43.758233
101.227942
133.599052
95.990985
118.473847
117.686972
93.065761
127.974926
85.685182
38.272198
83.115544
36.053467
73.566904
44.589947
110.849642
112.121557
126.275387
170.803064
74.088386
88.280914
132.206205
47.02685
70.492446
32.324437
59.596235
25.381163
200.553225
85.326285
90.439439
99.724474
135.82061
79.188151
37.107722
78.643249
37.573017
62.443374
27.26247
78.525033
103.898672
74.679245
100.361165
100.480712
216.9617
211.329777
73.197493
290.393015
215.798922
34.309352
80.850965
35.836096
95.57063
40.397576
90.944883
77.410292
48.706707
73.482653
35.339862
54.684274
22.168702
63.220119
41.898456
85.99303
134.786709
96.021227
85.301459
290.243674
245.852873
188.98781
217.557313
106.233701
42.378208
112.083951
93.565908
86.255225
73.689916
82.837182
33.160736
69.597801
79.483636
42.27467
143.592143
132.11158
205.079498
165.369736
105.386049
41.371686
124.831481
92.224033
45.311556
90.514565
94.578605
36.27503
133.274463
214.325072
173.660374
145.809516
141.48036
82.314128
40.290061
84.994016
40.023877
78.230289
48.118878
69.131951
120.230129
194.741248
215.020854
105.657122
109.536991
95.742209
61.095433
82.998566
53.794925
93.949651
52.397052
116.238642
211.104313
195.20718
104.244622
119.099815
88.689812
132.684775
50.256826
78.675566
40.586277
64.057845
26.711837
72.456229
91.894655
89.378481
49.6858
75.797564
105.232125
54.031318
97.711294
49.015706
65.370544
54.364694
74.923444
32.992319
68.920431
46.310756
89.067787
112.283644
75.859447
38.832299
63.523421
25.165513
64.580001
28.258987
55.914738
71.558475
46.851699
137.549928
84.770759
87.161678
43.065103
87.659855
42.604493
75.720249
24.137618
48.898829
127.187611
39.472297
77.895871
44.857183
154.53609
86.224508
75.559955
89.716564
102.305714
73.850233
29.499843
66.472189
39.019544
213.773182
305.039781
148.111149
113.656666
119.575034
112.516087
138.316913
32.783425
83.714985
29.950587
87.583841
40.899898
83.846753
91.064076
71.800636
141.380762
79.350456
117.735806
87.113455
71.914728
72.216893
41.455234
101.758549
229.960826
171.737147
117.910218
100.000668
136.389557
97.141414
101.0211
111.089992
77.217292
41.925284
83.383933
72.424951
75.417112
91.342406
112.446115
95.099229
101.971192
97.8957
75.293715
104.026627
126.818996
83.543788
22.375212
71.49429
99.891924
46.90913
142.513461
125.411243
108.468961
184.935618
147.785935
178.10054
168.364004
85.876184
34.060971
92.576434
80.294235
110.750907
83.848626
100.466446
145.235148
119.501241
132.679035
138.000578
117.79605
78.158531
41.52051
82.163748
83.741446
85.468319
105.716306
124.702214
113.07136
142.044544
117.477465
145.852009
182.261666
95.290435
88.602607
80.530645
87.116192
131.638924
152.07677
105.985426
163.027177
104.212593
98.432582
47.225647
102.583115
75.433214
186.543812
102.951952
44.361197
106.122396
86.651729
103.357868
78.938523
96.232696
71.790017
84.166128
95.53375
42.746552
78.605727
77.830916
73.697562
127.64499
91.006647
77.480201
79.095707
97.416081
36.99697
86.269599
42.941303
61.711849
86.574001
46.729527
106.399234
39.163217
94.027841
166.8683
92.664307
100.477061
89.225581
122.204759
82.54314
31.945103
65.978031
38.984405
61.968415
40.425483
89.939396
82.984548
75.236326
91.080737
72.918315
74.560763
44.866802
64.872052
41.796411
70.8552
78.683997
37.885329
81.229261
46.970169
101.86238
41.244819
88.401677
38.418007
51.922214
34.795362
57.815339
33.02571
55.286805
41.574023
92.179528
48.369182
103.419436
187.309225
190.882336
115.304829
91.819718
89.100351
128.448557
70.177515
130.939991
44.35066
44.487088
31.48548
44.502515
23.65841
82.372819
44.286707
63.470887
77.703297
46.08779
73.27277
29.508636
47.644566
40.552077
66.271026
42.466034
49.379696
33.029856
111.805157
71.75789
44.415038
78.034303
127.589967
44.031354
62.837505
27.608183
124.586453
37.029703
238.037986
94.250579
27.263853
71.137097
31.895419
60.072855
44.735226
76.824482
73.834063
33.959921
70.955035
45.469921
63.329042
28.638821
76.001207
74.014116
39.362242
82.538421
35.875406
68.427869
35.939867
80.263509
34.026567
63.531822
25.98015
50.669369
75.533444
83.494724
33.936179
59.74813
24.472581
49.260536
31.224605
47.665285
26.375906
61.563917
18.72069
22.559649
70.985167
82.845894
44.584158
84.276547
27.279735
65.428604
75.802144
43.326747
74.865047
18.691163
67.88442
40.106344
91.953235
89.659368
82.272324
99.006192
40.275708
91.58391
41.527411
122.849332
41.710001
78.928823
31.226129
68.179685
46.87334
98.453584
89.924376
27.465869
77.69153
84.047692
146.717974
37.807435
80.386667
32.563795
73.011601
46.726217
75.718381
38.888428
130.674141
40.193299
119.077172
86.732191
42.907191
83.208796
36.848208
84.683966
33.157071
75.378136
96.62061
22.433258
82.763617
98.954731
91.336966
76.257508
41.946052
83.750979
45.124351
55.259847
36.679152
83.21009
99.532004
109.700168
39.360975
75.342408
123.393599
82.946521
46.217726
74.284558
23.55673
68.476468
38.420602
77.814625
96.87421
232.902842
85.670883
45.670434
79.408922
49.811841
237.337419
40.528532
123.955757
46.672125
103.863156
126.940872
53.452061
108.661929
93.993694
38.144982
103.853571
121.921188
131.100135
48.000367
79.666265
60.602798
168.732397
119.324386
118.011605
123.970353
133.343637
122.660198
37.745691
132.841787
131.617545
41.766118
97.502028
54.382252
81.251764
152.543082
279.800046
217.984777
233.061103
210.054965
88.761852
113.693009
44.141249
88.983115
234.498498
225.914065
236.502371
229.828964
215.065961
171.655096
129.069746
121.151674
46.267095
77.133423
39.248349
82.598897
206.143773
190.302918
93.512897
214.725339
169.489858
125.255557
118.018431
135.465551
77.967515
45.503775
106.35199
87.411995
98.372267
39.990002
101.106294
200.00142
206.937004
94.894944
105.56694
82.376969
238.055551
71.425992
82.067786
108.11311
76.560626
41.271153
98.567711
97.492645
127.942328
127.685607
104.316158
154.932229
111.574326
83.016931
39.398972
86.747453
94.466409
123.995016
151.656756
136.146636
186.64626
189.776801
146.76709
166.88044
111.797002
124.07813
114.307762
107.913588
198.43729
159.153767
109.627586
157.817704
126.505786
130.780545
324.791733
206.831628
104.389105
93.893871
102.565769
79.332106
78.420052
42.486134
96.174936
96.018066
118.120902
161.553727
143.129958
316.812924
195.85951
45.508204
91.487715
73.496959
103.84424
73.305429
106.223281
164.422069
101.456223
106.933955
86.40192
106.587474
47.498416
90.801523
36.588069
71.799886
78.461491
79.847301
84.454248
228.000958
151.300496
240.27799
230.835799
153.757722
192.064005
123.351441
170.805872
92.421092
82.65554
90.116864
150.648556
132.742948
182.815194
231.932344
167.792219
131.572483
150.275385
32.507748
61.076034
80.557433
89.786788
72.825848
106.23024
177.676169
182.447921
103.431048
137.695142
142.532473
175.325763
305.146167
325.169726
329.432144
251.618611
186.847262
168.548599
98.580184
74.361664
171.707428
103.467432
163.495549
197.085681
237.308163
290.839849
217.45332
200.530682
250.360906
189.836255
215.554616
186.803308
210.901208
194.329487
234.970378
251.636886
112.995359
147.354721
158.552388
199.932398
278.355717
216.857705
240.568455
420.667828
246.715136
362.874859
260.047326
261.544878
379.815776
154.135855
320.627722
270.514656
237.017051
146.824232
296.74813
543.845326
286.098239
491.078116
300.767874
180.656897
149.527986
458.609053
190.326895
167.694396
166.513022
69.574746
135.980476
51.20758
150.955302
45.598807
146.227756
54.693453
92.462757
94.538587
57.5901
59.782333
57.048915
45.729394
26.564578
21.08089
272.405819
31.023806
17.540723
53.251986
270.859287
174.116183
118.567085
104.235316
54.439755
54.256579
203.171922
42.370513
79.444942
47.054869
80.687492
39.237176
116.001893
298.915292
469.254865
196.866647
123.860715
96.228018
74.899878
97.599875
126.851664
79.812475
84.907475
200.824007
184.17046
154.127749
103.365823
109.211026
135.147245
140.093307
197.622539
311.463848
210.369972
209.036253
236.850187
181.010874
101.334409
314.446259
242.692732
297.198099
314.680422
234.9535
184.673457
254.674659
251.136259
176.579247
167.543716
98.533727
33.220426
108.560939
37.558105
210.461398
261.387377
183.640982
182.91277
196.645274
206.096412
295.719738
212.304865
255.127571
205.954038
147.064638
159.308193
261.175532
329.512889
225.790774
254.884205
234.481807
233.331172
317.39447
313.447881
198.982347
82.689954
100.516879
87.490794
105.992495
90.329491
216.656982
189.933971
165.636413
143.916817
177.048155
163.133962
220.715188
198.455194
256.383578
289.848093
128.161958
154.881579
125.898311
161.185193
114.924491
202.330793
253.479689
239.882464
440.477098
396.197455
436.77431
407.333683
482.770544
389.026065
589.871852
422.900614
402.396195
354.333092
312.805635
316.564614
294.988918
152.651728
35.168465
57.43798
76.303987
116.733714
378.758368
297.753141
280.629484
191.46185
144.329402
186.072351
215.711174
387.908864
404.046796
326.654213
450.347193
321.276496
318.128901
313.282344
265.949063
179.135084
204.472007
262.61556
239.865174
259.169038
305.540233
267.421608
301.653838
313.076491
97.872215
201.424702
183.625939
338.528438
417.364083
462.222509
290.513211
390.461668
408.327487
550.225312
278.408608
305.836464
218.353658
158.479649
123.407439
263.839786
323.959682
301.113623
349.793282
355.263468
352.207694
274.735087
289.506933
297.048403
294.995388
303.595417
318.056299
339.653768
297.796754
239.437243
296.266378
267.051927
340.897749
211.43327
348.459836
277.575158
175.524706
305.153675
187.360376
192.671309
255.880344
343.838502
356.917946
345.737021
400.647361
309.676427
226.330013
163.141513
101.480399
127.529234
239.221183
263.252043
226.800434
280.223356
212.879843
203.39343
376.250033
258.438892
251.56025
247.270296
296.294023
256.532374
259.721604
252.97294
449.519255
367.893809
333.603803
331.907829
307.510763
243.335256
276.995426
410.209012
169.217229
298.957842
375.082129
349.819921
321.070958
452.403429
141.247665
139.412076
222.124757
237.319162
210.550447
366.012274
351.973983
289.408399
469.771939
261.563308
333.042245
322.611535
314.364906
267.062476
231.929967
277.707932
262.940368
299.200839
245.997234
253.5534
268.322205
270.702866
280.540834
235.654511
393.004686
200.782298
460.600876
388.22662
288.668875
426.596532
502.920184
695.976281
520.661011
566.471805
442.296738
286.545354
230.15208
271.063602
143.561825
214.93998
304.863092
175.757282
352.339729
330.321222
369.500627
312.297879
268.447925
232.587988
297.633737
258.663354
256.835934
254.822273
316.91635
309.125362
326.696992
426.530671
267.249702
272.195276
274.566633
243.383693
297.546275
235.84686
217.327714
236.837202
429.162718
279.008499
377.262811
476.28353
400.891115
229.072909
265.006165
219.746543
325.802926
435.076952
442.021411
409.384085
447.579438
463.544834
399.941934
366.733692
346.016679
358.218357
340.647607
359.017103
369.844465
369.20927
338.042815
328.542412
332.868874
312.682984
331.134065
405.878654
306.786637
275.000969
317.817885
289.839865
377.735391
307.091083
362.890679
197.977
259.893361
275.839997
113.15315
273.985863
243.763209
292.806572
310.108538
418.758492
441.902724
292.308009
249.720564
258.446059
338.589285
164.660614
193.939161
238.442493
248.289592
268.474289
214.935523
252.241883
263.26442
452.407758
303.201522
217.977246
157.692279
253.631135
87.013556
170.065953
229.242993
149.893456
164.305695
310.799198
740.914203
551.943229
226.342869
233.717478
263.118646
320.081188
419.363574
364.24835
417.058913
412.11712
362.187366
435.02777
284.930937
269.467925
191.211872
221.722772
440.544907
376.131709
284.924079
393.884914
337.466288
275.46238
326.26062
358.304131
292.463903
480.088022
390.045164
413.064782
330.443192
153.370485
129.299735
240.29844
325.053613
463.20499
394.266183
382.219653
498.251148
426.026203
506.370913
602.130776
435.435019
465.222126
327.189196
491.190191
474.596325
347.630367
491.649908
562.164389
439.73377
404.989213
513.938586
222.853071
275.936262
423.82774
699.414932
406.44428
364.902385
492.778176
514.592046
533.624482
450.360827
554.096586
580.218198
499.738984
389.594071
381.833399
475.415181
416.95454
541.49886
528.366935
510.430595
487.050266
215.158227
295.80187
380.658386
426.827695
413.689446
408.884119
494.650211
431.764276
353.079301
392.925079
614.530143
754.556486
560.882813
544.286144
429.942531
522.878629
472.520191
479.131559
517.167989
614.709508
550.990707
554.483975
237.223245
652.748231
600.371332
581.838346
473.218483
368.994953
441.663959
457.213302
473.604568
486.913841
564.358393
543.158912
679.180751
719.067532
722.958665
725.883565
595.501841
612.859789
590.856472
415.873813
374.627937
420.186534
552.842953
656.042107
653.308481
609.629136
599.859428
581.941527
276.171476
491.772584
580.714964
382.915696
408.262954
345.681119
172.421824
234.74351
286.392952
341.52289
441.13815
605.80419
573.693579
588.400265
573.553172
506.243419
340.9454
281.043741
208.955138
249.678141
361.270031
379.276134
521.007808
415.309042
503.709526
281.634355
392.029778
424.510323
235.383523
356.339656
332.73595
507.578562
522.451696
454.095943
607.176715
480.667602
367.761652
429.200662
353.635887
210.430799
209.464562
339.018872
364.502231
390.575256
428.601024
436.809507
501.006778
348.572917
305.131336
317.369868
432.190175
425.106112
502.780401
471.364028
542.579161
369.137991
330.432601
307.714855
355.893337
387.994784
198.650419
310.61257
329.174691
345.972845
259.027921
176.81589
250.297305
400.196019
323.800606
589.052413
476.645327
359.248792
317.830519
392.306217
443.951977
260.605956
200.115619
235.383054
173.581099
189.580233
165.417734
302.329405
454.880786
121.803741
263.884561
301.002623
335.503219
369.783322
354.361633
361.786919
404.089058
222.707152
307.469365
561.477636
420.245662
347.618441
370.044647
435.250731
398.554441
415.149578
525.734301
650.252695
471.861809
112.315241
47.773323
116.886993
111.005968
87.590024
46.941061
90.694679
38.722268
244.657233
230.884099
75.489952
94.610914
117.379362
94.828222
207.88644
200.472072
99.241767
119.177847
131.989735
109.208453
45.84964
85.037137
81.104756
185.675996
444.817384
431.128625
518.894786
420.704456
658.265854
595.007964
714.152907
673.708527
594.55656
541.733233
192.204755
297.196977
410.718957
368.265105
300.638461
315.695643
275.692265
228.413267
583.785974
660.419747
682.615073
681.501225
632.055385
593.97312
580.714803
577.446459
417.554785
583.67614
526.011487
637.881363
575.346961
635.35325
575.621365
298.54256
359.576615
298.870222
384.251998
535.507366
560.794886
490.504881
604.176126
651.989305
583.967983
572.933642
604.87007
305.188843
703.692719
622.595677
566.16136
601.840396
558.352361
554.97551
464.457363
588.537889
628.90392
629.725917
607.160963
652.587338
599.505672
532.18293
543.372337
531.686574
499.450531
567.084104
583.106179
719.723989
637.764792
493.731714
646.489695
618.879266
531.274979
465.618464
435.773817
445.952286
403.692323
571.214706
541.393899
421.432529
410.748303
313.702633
454.458788
507.167556
601.513556
517.387356
498.43341
503.286787
602.749373
564.637015
590.323102
498.829787
300.402971
238.635661
139.612354
256.706132
287.788375
555.86588
636.057316
558.506978
634.096766
596.384541
410.031887
590.617315
649.625014
294.770153
337.572035
256.650651
120.100762
307.634281
345.010366
509.84373
560.146465
396.084379
377.57061
650.208822
641.349719
298.132471
324.853771
266.435157
357.411875
234.537686
257.836188
508.375631
525.902825
602.330288
594.100063
383.772676
383.922408
289.211541
252.289824
154.445918
133.162137
385.389347
632.729054
862.368063
653.080097
676.39344
700.244849
637.53716
384.424222
315.381618
562.594509
544.501201
440.636172
353.510682
218.604765
271.068285
249.11762
470.805721
366.204129
350.512185
557.842661
544.286961
494.673741
389.322813
356.178498
464.828914
448.126532
620.960465
582.505627
612.189907
597.95345
627.994957
634.382885
566.850923
464.275621
500.261413
362.291429
276.146914
352.453065
171.995964
141.230287
332.735539
292.774632
340.132115
270.380775
476.460291
375.646136
243.606494
541.459746
235.448031
358.497872
158.686042
582.233657
597.512206
578.581473
588.720664
603.610054
658.93055
607.667931
686.893153
640.03694
593.437386
575.533237
609.46109
715.32975
648.881493
604.493994
629.110044
587.107324
587.055826
835.636249
662.299746
642.513093
653.708396
693.307923
607.42233
525.345494
488.990681
517.455403
556.854948
587.442264
521.298847
567.846767
542.16308
568.584006
566.901806
569.616275
608.92772
612.682428
556.742804
597.706305
750.895023
599.961974
581.673802
595.023418
606.075207
574.690938
596.462379
631.908124
609.45843
583.316412
603.163906
598.25176
601.112399
606.548331
605.91488
620.114062
590.295507
624.552045
639.259346
597.242065
639.542256
597.651087
605.454883
610.672145
613.172775
596.784209
638.731069
613.02608
591.659426
598.774168
622.540856
601.692288
591.100489
607.025905
619.756773
735.447393
709.359069
665.007363
627.751798
512.242058
231.674743
469.472431
330.246324
217.207825
180.045438
230.00174
221.045076
107.412845
176.832195
225.243055
421.619717
493.549231
469.328382
408.745615
442.443844
275.839912
262.034574
348.89336
236.139087
221.267131
198.022528
335.536809
306.288033
522.667054
418.494611
410.389784
390.342182
381.759163
415.562282
130.754655
155.648477
123.382902
292.346084
194.24996
228.581058
405.197382
523.273828
474.361278
411.549339
357.753779
177.003962
209.706514
240.96406
242.124267
263.896443
258.005787
259.357506
274.265653
262.426273
287.135447
289.439758
315.983802
298.787679
303.864446
340.122576
320.577426
317.03335
311.760493
319.644416
319.598775
346.615214
332.575494
324.700257
330.906503
356.205007
347.316771
329.425466
503.895952
114.323942
133.026618
259.338108
210.931812
398.746735
357.852087
351.122692
349.165754
360.59983
376.320219
355.918766
362.03331
368.860882
365.625226
380.650052
376.719573
362.903289
773.351624
803.249452
311.674284
804.00666
819.416459
798.32632
819.027976
842.192921
455.771288
390.891116
419.172483
399.987245
275.580977
171.471936
313.16519
326.141062
291.23612
336.091801
322.439703
304.442429
422.917959
362.962108
377.407718
394.203944
376.268435
397.222503
395.322664
471.161419
329.678249
356.365755
323.419168
342.780872
325.873861
346.830335
347.79866
361.822668
334.686535
345.785147
335.108914
309.198757
345.513053
326.921549
281.180091
305.181332
312.15834
323.538988
295.703607
304.814661
303.070136
286.331595
302.470153
286.170597
288.535008
306.108519
301.891868
268.092907
266.430737
287.619357
284.080195
320.818938
295.263201
328.750912
319.35018
284.227703
310.792414
301.70441
310.074677
429.709448
328.253571
350.802678
352.01106
360.763889
324.166548
332.517272
361.002776
325.248059
377.548668
393.679642
407.60056
385.953651
348.95354
387.600369
375.524021
392.085674
542.533544
1098.840224
988.922364
954.723964
814.919364
938.239088
1153.905251
844.808785
1003.617683
836.28078
752.957314
730.306776
787.553106
797.317623
832.204587
991.649974
436.620901
440.404239
367.582755
428.108923
480.946678
455.936977
515.635045
405.512033
511.413363
521.070566
443.799004
406.970526
243.153728
190.024867
321.448902
294.409113
534.084547
517.502935
609.30953
383.524676
313.901815
527.423642
371.96354
249.337365
324.496403
240.150627
376.958284
153.860599
240.168031
453.273432
543.320183
561.149528
568.796613
624.62731
272.563288
223.254635
210.184924
162.501137
359.081706
146.612768
580.516158
445.074388
393.323942
362.557959
383.275501
431.144601
319.161214
378.903658
193.889102
245.19917
167.153662
256.92722
203.397167
239.617789
410.988628
389.402375
205.557457
293.533343
227.923682
155.506045
146.585325
163.525985
100.341417
185.515356
206.676194
203.672371
311.441755
298.706393
436.691196
375.040868
617.559302
517.875378
245.387996
225.8434
171.77116
160.840508
192.188178
183.896523
407.350462
340.429426
450.736453
475.061046
585.422452
567.587917
717.145239
432.857932
302.312663
262.585469
306.711591
486.047127
512.844769
561.131254
575.416099
470.756287
504.661189
428.691858
444.398425
573.13872
374.93711
236.967647
184.869701
101.063413
167.62036
405.264565
568.300695
444.396246
451.967466
340.924587
158.37991
178.224907
214.338379
252.254316
273.695522
434.785037
351.662634
424.247992
401.717799
436.033709
374.372451
474.845593
344.562333
391.99217
436.743009
353.469778
283.670853
138.336364
119.297306
321.389724
241.318796
250.166555
339.398708
223.387579
410.112779
302.469974
319.548508
212.240243
226.837645
251.765111
272.93842
540.680476
356.567767
453.76686
460.80434
475.328697
577.677146
432.848654
215.329502
326.170241
368.644101
153.687618
90.950533
103.683972
374.066029
278.146978
451.167507
448.219861
526.70882
503.761149
451.182485
488.105893
521.481813
727.588146
587.240389
517.338201
517.555136
192.859466
291.140809
565.646475
587.736519
583.568369
584.335615
570.772585
573.014341
571.049866
579.784415
581.907064
573.652742
591.132594
578.443101
580.722768
575.354322
590.360452
582.459397
580.560438
583.566675
580.951626
573.45807
586.953049
589.853238
596.398098
587.257691
574.370019
582.976912
583.331425
590.180259
702.031289
587.842624
581.633219
571.105533
590.464002
577.115978
569.683293
598.051592
580.771854
589.488801
575.760381
259.129155
356.617592
542.457153
499.287691
559.70195
545.382219
590.886885
546.169089
544.673068
611.946862
296.951302
375.317462
575.117823
528.076083
525.18407
553.062017
548.083539
535.380714
645.934676
951.649266
295.307711
283.850043
166.614947
219.324562
558.113093
550.165299
547.389263
605.402846
601.309656
557.551923
546.367984
611.405738
409.270098
597.180282
572.025456
562.376304
692.411453
634.363198
265.057248
565.425518
615.129729
571.479223
562.783888
613.013279
587.799148
597.164525
625.69757
606.532581
596.304918
623.134441
616.355811
664.070611
608.814502
634.06131
764.2871
436.784178
657.805609
516.686199
521.678467
575.262384
596.490413
587.602218
654.040486
571.076833
337.538101
352.38227
127.602335
138.254929
501.493544
360.250587
444.894753
483.52567
390.275729
670.196848
635.159994
626.318062
912.446515
714.343813
653.163159
892.210548
624.079226
625.747456
610.84669
637.772345
648.018047
682.121906
692.402506
619.705099
614.689274
614.226258
611.732862
603.361554
616.577505
631.383705
651.907453
798.592814
208.899421
640.752487
622.111785
736.278628
683.164405
677.812324
577.247725
688.879581
616.250565
701.297752
709.016029
188.598555
656.26836
676.894738
679.394288
633.042838
698.958821
729.31239
677.122138
726.535972
703.2296
681.662928
675.13435
689.743312
700.752561
689.87786
411.388287
475.827665
425.080393
717.336866
724.484851
677.225922
637.616317
705.162206
703.672534
650.002406
688.397369
662.893887
630.95757
653.223033
757.633991
685.111929
706.756222
637.905421
655.286738
675.477033
696.940402
683.18266
700.324604
712.290954
745.826857
783.080864
648.80423
648.625283
666.688206
676.947198
663.375979
705.437682
713.192983
682.966356
703.773766
719.010701
694.220452
674.037608
207.286829
179.550603
681.769884
736.460012
562.118215
112.700679
210.982193
725.272962
667.99054
887.362934
780.097415
732.664078
676.273696
652.647854
717.248839
699.651609
707.517703
701.912026
724.54619
649.658614
720.847231
712.10466
732.468355
720.972668
346.408765
725.522196
719.1204
731.393748
708.549425
722.506177
678.265584
672.68483
685.490013
694.561028
679.20222
655.658279
693.835247
677.362996
745.1302
692.647735
761.652978
684.007167
732.289677
696.587647
731.369182
734.113131
824.92967
849.628293
700.913949
784.752482
795.921668
795.928476
750.240101
768.30733
803.435748
752.895086
706.229931
747.071782
762.395373
736.326235
718.805614
715.64999
767.604275
698.127865
786.392928
743.565264
762.42636
711.817103
728.358942
714.310259
767.283207
786.091259
772.791082
699.423704
710.679999
763.716358
701.972211
722.905756
776.676021
710.232709
787.739741
718.445014
708.870218
773.526703
891.541221
734.872695
756.174695
769.182433
554.583606
895.965636
911.321214
860.30539
785.501622
726.313201
769.686737
771.741119
717.862876
776.593636
712.240301
705.575074
695.498244
750.895237
693.403613
779.757691
778.044775
805.532878
709.410131
805.130764
817.25929
798.357945
708.558895
779.511941
776.287421
786.057519
788.35152
780.25166
94.765421
794.967513
704.922467
785.820732
782.601342
765.262524
762.767609
745.735262
784.053674
778.119117
776.872004
726.317444
890.318648
828.017486
873.070895
735.394248
728.71599
713.666949
713.34755
751.114784
796.499242
753.867189
781.385624
780.711183
789.244557
809.14085
790.078793
787.937534
789.319809
728.486721
795.964665
740.085836
743.677302
795.206561
785.168916
722.362853
743.01686
803.938875
787.550284
822.648368
803.723323
801.396039
729.865733
726.973119
803.036315
746.265429
805.463683
755.461532
763.135588
1038.060753
835.745175
792.621801
767.558982
771.119007
772.5497
776.305511
764.269972
743.930096
808.540067
764.131145
781.412759
815.448369
746.031874
751.641547
791.650021
732.113846
811.38233
768.412888
758.339269
801.572398
815.471259
762.262911
755.98871
815.200901
756.323551
767.803512
737.089835
761.050586
761.944936
805.527222
815.995315
790.919334
602.210668
305.083379
255.099756
251.303459
149.405786
697.865415
476.209439
91.737825
114.914722
233.815852
257.12574
928.55282
879.041696
856.277415
746.369359
744.595628
812.505298
749.261966
735.373613
743.16357
748.442318
749.132537
291.874747
765.203918
747.215341
737.872639
761.673252
397.495026
177.470847
290.134773
748.191863
757.839599
789.311926
184.885542
149.735838
729.948757
811.915991
823.414703
809.25847
813.051581
804.050854
807.429157
802.285023
358.253453
761.576978
831.749834
893.309077
845.295125
176.449229
766.637233
998.436528
923.024747
807.02076
748.533276
822.110079
877.401154
761.922614
814.656698
761.968752
839.6646
824.478412
821.356229
805.638739
887.46274
845.62967
759.676019
827.231004
589.053841
325.688998
226.3878
200.501384
189.651433
136.734236
125.260792
116.348404
115.104941
161.009646
103.436038
125.300431
236.365719
296.925038
302.299888
463.262875
239.33668
276.962258
327.1908
179.926757
125.750949
163.579399
96.981298
184.833117
351.54033
809.574506
572.413593
474.988933
460.842663
197.946005
223.296333
544.58216
335.394909
435.131038
199.386505
146.898015
205.065171
400.006868
418.444236
527.268854
522.876744
340.373975
225.223848
507.582665
591.340272
403.664982
549.487078
334.354243
392.691191
345.606716
706.454275
502.774237
683.454177
551.353415
392.896369
496.176549
510.468436
271.844398
268.57388
299.402143
259.133776
344.280475
588.114415
607.223131
675.540209
598.7016
265.050472
634.114346
579.825764
592.906426
601.179217
579.703059
579.985659
661.211153
716.112074
646.155737
597.167338
605.242154
601.378412
639.057622
651.380797
626.709554
637.657455
639.992825
624.736989
627.171734
605.706435
603.886561
616.744174
612.577484
601.433382
614.300061
690.874625
604.09445
607.656024
595.561146
596.856833
616.038206
605.934773
620.560995
607.674055
607.069257
608.974199
602.976202
626.689792
600.497404
750.155267
651.896146
672.992874
666.505356
620.967447
608.198593
605.209039
613.731594
586.460522
599.767217
617.379746
596.947286
591.905963
607.197778
601.383427
604.62451
610.028623
601.575584
608.384326
606.161773
624.990073
610.70001
592.08495
527.053985
569.653371
443.417718
520.039875
626.323246
589.839627
509.101004
539.689533
544.968694
567.174519
567.067869
572.093569
555.221595
561.706576
614.791192
661.287806
555.375191
538.571995
606.101647
504.286819
394.134952
573.665902
572.044866
561.037354
562.391925
579.657408
695.37051
654.027906
634.365714
665.140047
709.903144
716.423483
744.796938
808.991354
685.808981
690.607553
654.090243
730.110867
683.05806
641.872375
664.485575
634.897599
491.628779
664.678614
676.319879
647.639048
629.197862
670.849411
705.587431
735.676838
651.46531
660.594851
619.54074
685.285134
685.27742
701.283314
631.279106
720.582596
679.618927
647.458993
637.646153
425.779761
628.374909
347.712172
605.040196
614.398952
649.167615
605.333568
630.035584
555.091316
617.956346
669.105326
667.429348
635.742408
675.869786
632.851853
587.949715
789.005135
738.341086
721.287258
654.862062
611.157699
618.20154
700.985225
547.45917
554.961704
395.169885
575.186199
488.707284
566.039357
579.407048
454.15329
621.210472
511.369149
533.409706
528.047344
531.719534
467.232279
492.074521
746.410263
510.051794
735.77924
490.37592
583.720093
522.081123
589.104543
606.279503
701.919376
612.328872
561.02446
628.837032
660.419371
657.637799
655.228482
592.704109
621.651094
520.870478
568.296732
586.558093
572.500735
564.165239
400.111648
492.30932
449.441672
548.827897
513.64754
613.697554
550.145285
557.120872
644.65331
636.980291
621.423509
743.694666
705.854153
670.117767
619.727853
600.771017
620.13149
586.946908
556.115794
655.667266
612.946103
601.9708
652.48864
601.121436
614.394451
573.765668
640.927467
592.908575
585.612737
691.685901
648.090415
699.15185
644.058447
610.152787
647.965172
651.873052
656.222257
572.541246
631.91185
656.10914
604.396267
589.776116
676.193793
700.842026
517.139
471.392597
559.566497
586.836958
552.517756
507.589534
626.694737
512.129072
555.197124
617.310451
549.208455
678.789133
555.450383
520.474026
579.586492
806.840342
676.073529
670.340468
730.097181
599.433309
535.463612
641.03897
639.384878
620.137228
623.826625
631.063729
557.320638
700.854905
635.963767
613.837246
635.739839
368.636795
463.181184
719.273157
528.768072
555.492431
559.106715
575.068639
602.760535
626.088418
678.879839
589.08739
643.773928
624.343471
699.739673
661.573796
617.925805
606.282972
666.817063
664.119412
577.009545
692.989117
685.499403
715.542388
567.556478
506.235553
619.950004
570.559429
569.995019
424.504973
454.141049
539.733617
549.572273
593.377979
651.680039
696.697447
658.808537
592.95017
535.507847
518.780527
584.322037
653.096171
601.144366
721.346845
795.705782
695.101371
693.3279
580.771582
789.194983
714.870225
703.300797
744.346552
725.298895
714.564967
809.259151
702.108702
678.965127
678.994092
753.011447
856.061487
882.878655
857.190696
818.223427
627.911495
850.913325
884.281007
857.479959
913.32896
901.853762
887.275407
815.36091
701.804983
645.674392
648.761173
665.653036
696.221613
609.755927
397.62189
376.101421
204.706641
540.206009
729.608375
580.778104
641.21689
627.71893
517.004382
711.457675
714.50276
741.221274
780.514931
523.036151
432.551751
596.53494
791.452989
627.854895
806.585619
685.254979
732.44452
757.488868
747.062274
606.296999
598.415785
608.847417
622.63207
546.558033
431.620016
364.035859
647.795988
412.051174
510.706723
804.602699
811.350219
746.596132
591.87566
772.655392
588.763566
744.515159
655.150648
647.15896
679.511189
680.562573
818.426517
697.314236
766.832701
777.444498
697.647664
699.059744
609.854061
808.992089
664.64152
331.788684
765.502207
803.074748
487.149186
745.484207
725.060221
276.733445
719.982594
535.632032
558.490867
686.820685
625.706418
714.935475
684.133002
728.418055
660.90257
855.678268
742.481006
653.942521
555.850928
743.701679
814.130384
600.360406
597.355641
856.014098
566.455562
516.634393
488.726794
677.744673
720.076863
1048.292282
594.701742
551.387621
674.984807
676.798007
578.425308
805.52351
722.467945
740.957553
724.950601
365.003544
605.400312
639.76758
608.690515
684.39071
693.856936
609.93697
698.862958
705.915996
607.103386
595.507035
740.378781
760.577005
738.073997
759.151652
757.527299
717.66306
799.276697
673.731506
577.725523
529.164079
471.075647
373.057787
313.792835
788.575958
743.384655
698.00663
591.680041
689.076413
753.725042
806.67532
698.302939
707.432435
678.703381
685.77796
553.853141
744.817573
712.513864
604.950718
673.180536
626.07298
592.40646
719.141946
723.188111
675.63769
822.392689
999.267967
791.101161
761.913722
676.295443
984.227133
481.151133
611.044442
532.614155
618.680756
665.441743
674.036879
722.622073
620.362272
720.765865
838.685383
747.93892
650.406329
670.628488
718.879249
617.361268
710.012042
719.98376
760.449764
780.236727
698.264137
352.46844
854.455798
583.670699
676.252962
634.972807
651.514448
481.124548
617.780244
548.705298
714.700245
592.47705
672.919396
846.937195
698.59814
670.938371
663.79468
611.956861
614.56892
660.925409
552.556601
756.670022
784.001554
651.038296
703.322543
750.953984
633.559649
689.405459
745.848895
860.707555
812.831791
788.902409
619.365881
726.524686
614.747173
704.419101
677.219329
591.98008
721.692688
721.819465
667.377178
742.866713
657.705763
677.104916
673.858179
789.317914
568.668058
679.861883
718.922106
706.29141
632.695449
468.433134
423.556951
704.841174
754.268921
625.14825
678.113373
784.688227
835.887894
801.843213
647.297085
825.954577
643.08431
627.957201
677.14648
629.316732
698.923157
703.728289
622.481735
722.186091
553.292686
630.449731
755.838161
783.39794
468.933038
388.949965
823.097115
729.136393
556.490131
520.109719
591.389358
553.841512
523.257575
593.229098
557.026406
514.1808
510.162735
578.13983
604.791382
642.239806
613.959069
685.408138
522.093792
625.377679
565.534781
521.253614
457.297135
562.348552
620.19455
602.129207
620.572793
587.244261
796.203709
727.857188
490.270438
719.346076
738.556362
575.250258
712.878717
567.665617
717.102121
722.809928
627.269711
800.68989
601.175609
683.754371
699.623751
529.497308
592.617414
707.291348
523.505972
544.584011
593.853226
578.206688
658.676459
754.374207
538.327315
342.709007
670.492409
435.705681
630.351618
597.018529
489.819328
457.547478
571.911603
586.068076
470.700208
650.693407
592.318942
703.527751
580.046044
578.244525
600.118043
623.215069
577.060655
493.041455
611.438611
659.602905
525.173662
596.742885
455.497013
581.29663
542.898464
581.566251
471.84401
575.59755
629.009125
650.226424
657.484068
711.998224
849.527947
841.816995
762.303537
754.914505
796.029737
680.961714
509.593175
667.021703
696.429304
534.14953
362.842102
711.838012
508.933317
427.490086
480.269844
453.61694
485.918252
617.451471
700.092021
691.356677
596.152186
595.722737
552.635035
636.059981
557.332526
602.350922
564.849341
651.493993
627.803747
701.872946
476.135469
288.081555
195.558271
401.182946
646.376474
615.402057
498.134331
572.635639
717.341018
615.566592
601.768185
692.201331
679.807006
669.752855
721.322926
707.334595
688.53171
616.401724
615.892385
712.502925
558.70769
939.538949
782.284957
687.592155
710.120945
338.308588
758.394118
639.770515
543.99884
487.518627
597.376652
491.217728
516.089929
637.134375
567.071695
597.889783
302.514408
604.996284
608.706592
606.651779
529.163162
588.545674
